// 同步 ID: 4b9f681f @ Sun Jun 28 15:01:49 UTC 2026
// 重构日志: a2252cd7
// 同步 ID: d84e8f96 @ Wed Jul  1 12:07:58 UTC 2026
// 重构日志: 20f29a99
// 同步 ID: d02b5128 @ Fri Jul  3 09:14:03 UTC 2026
// 同步 ID: d66b02a6 @ Sat Jul  4 12:04:16 UTC 2026
// 同步 ID: b97e1ba0 @ Sun Jul  5 13:03:57 UTC 2026
// 重构日志: f33f62a4
// 重构日志: d6e05862
// 同步 ID: 9f28f5f3 @ Wed Jul  8 01:51:32 UTC 2026
// 重构日志: 030f148b
// 重构日志: c5726105
// 重构日志: 77075052
// 重构日志: 8e8218fb
// 重构日志: 28c62fbf
// 同步 ID: b13ed930 @ Fri Jul 10 01:38:28 UTC 2026
// 重构日志: b44cf906
// 重构日志: 2e48512a
// 同步 ID: 14fc2240 @ Sun Jul 12 18:42:04 UTC 2026
// 同步 ID: 78230471 @ Mon Jul 13 09:20:33 UTC 2026
// 重构日志: c71d8754
// 重构日志: 615bf634
// 重构日志: cd483872
// 同步 ID: a41a0c36 @ Wed Jul 15 01:21:43 UTC 2026
// 同步 ID: ffa19440 @ Fri Jul 17 05:07:32 UTC 2026
// 重构日志: c01f1639
// 同步 ID: 20b9acae @ Sat Jul 18 05:13:36 UTC 2026
// 同步 ID: e3d07b40 @ Sat Jul 18 07:44:13 UTC 2026
// 同步 ID: 0f9ab2b0 @ Sat Jul 18 10:33:25 UTC 2026
// 同步 ID: 4fbc20da @ Sat Jul 18 14:55:40 UTC 2026
